# JRE version: Java(TM) SE Runtime Environment (8.0_301-b09) (build 1.8.0_301-b09)
# Java VM: Java HotSpot(TM) 64-Bit Server VM (25.301-b09 mixed mode windows-amd64 compressed oops)
Heap:
 PSYoungGen      total 70656K, used 25222K [0x00000000d6180000, 0x00000000dab80000, 0x0000000100000000)
  eden space 65536K, 38% used [0x00000000d6180000,0x00000000d7a21b80,0x00000000da180000)
  from space 5120K, 0% used [0x00000000da680000,0x00000000da680000,0x00000000dab80000)
  to   space 5120K, 0% used [0x00000000da180000,0x00000000da180000,0x00000000da680000)
 ParOldGen       total 86016K, used 61806K [0x0000000082400000, 0x0000000087800000, 0x00000000d6180000)
  object space 86016K, 71% used [0x0000000082400000,0x000000008605ba48,0x0000000087800000)
 Metaspace       used 20814K, capacity 21808K, committed 22144K, reserved 1069056K
  class space    used 2901K, capacity 3159K, committed 3200K, reserved 1048576K
GC Heap History (10 events):
Event: 0.778 GC heap before
{Heap before GC invocations=1 (full 0):
 PSYoungGen      total 37888K, used 32768K [0x00000000d6180000, 0x00000000d8b80000, 0x0000000100000000)
  eden space 32768K, 100% used [0x00000000d6180000,0x00000000d8180000,0x00000000d8180000)
  from space 5120K, 0% used [0x00000000d8680000,0x00000000d8680000,0x00000000d8b80000)
  to   space 5120K, 0% used [0x00000000d8180000,0x00000000d8180000,0x00000000d8680000)
 ParOldGen       total 86016K, used 0K [0x0000000082400000, 0x0000000087800000, 0x00000000d6180000)
  object space 86016K, 0% used [0x0000000082400000,0x0000000082400000,0x0000000087800000)
 Metaspace       used 13983K, capacity 14538K, committed 14848K, reserved 1062912K
  class space    used 1863K, capacity 2032K, committed 2048K, reserved 1048576K
Event: 0.787 GC heap after
Heap after GC invocations=1 (full 0):
 PSYoungGen      total 37888K, used 4690K [0x00000000d6180000, 0x00000000dab80000, 0x0000000100000000)
  eden space 32768K, 0% used [0x00000000d6180000,0x00000000d6180000,0x00000000d8180000)
  from space 5120K, 91% used [0x00000000d8180000,0x00000000d8614800,0x00000000d8680000)
  to   space 5120K, 0% used [0x00000000da680000,0x00000000da680000,0x00000000dab80000)
 ParOldGen       total 86016K, used 4016K [0x0000000082400000, 0x0000000087800000, 0x00000000d6180000)
  object space 86016K, 4% used [0x0000000082400000,0x00000000827ec010,0x0000000087800000)
 Metaspace       used 13983K, capacity 14538K, committed 14848K, reserved 1062912K
  class space    used 1863K, capacity 2032K, committed 2048K, reserved 1048576K
}
Event: 2.060 GC heap before
{Heap before GC invocations=2 (full 0):
 PSYoungGen      total 37888K, used 34037K [0x00000000d6180000, 0x00000000dab80000, 0x0000000100000000)
  eden space 32768K, 89% used [0x00000000d6180000,0x00000000d7e28eb0,0x00000000d8180000)
  from space 5120K, 91% used [0x00000000d8180000,0x00000000d8614800,0x00000000d8680000)
  to   space 5120K, 0% used [0x00000000da680000,0x00000000da680000,0x00000000dab80000)
 ParOldGen       total 86016K, used 4016K [0x0000000082400000, 0x0000000087800000, 0x00000000d6180000)
  object space 86016K, 4% used [0x0000000082400000,0x00000000827ec010,0x0000000087800000)
 Metaspace       used 18552K, capacity 19248K, committed 19584K, reserved 1067008K
  class space    used 2445K, capacity 2647K, committed 2688K, reserved 1048576K
Event: 2.072 GC heap after
Heap after GC invocations=2 (full 0):
 PSYoungGen      total 37888K, used 5088K [0x00000000d6180000, 0x00000000dab80000, 0x0000000100000000)
  eden space 32768K, 0% used [0x00000000d6180000,0x00000000d6180000,0x00000000d8180000)
  from space 5120K, 99% used [0x00000000da680000,0x00000000dab78090,0x00000000dab80000)
  to   space 5120K, 0% used [0x00000000d8180000,0x00000000d8180000,0x00000000d8680000)
 ParOldGen       total 86016K, used 24619K [0x0000000082400000, 0x0000000087800000, 0x00000000d6180000)
  object space 86016K, 28% used [0x0000000082400000,0x0000000083c0adb0,0x0000000087800000)
 Metaspace       used 18552K, capacity 19248K, committed 19584K, reserved 1067008K
  class space    used 2445K, capacity 2647K, committed 2688K, reserved 1048576K
}
Event: 2.240 GC heap before
{Heap before GC invocations=3 (full 0):
 PSYoungGen      total 37888K, used 32074K [0x00000000d6180000, 0x00000000dab80000, 0x0000000100000000)
  eden space 32768K, 82% used [0x00000000d6180000,0x00000000d7bdaad8,0x00000000d8180000)
  from space 5120K, 99% used [0x00000000da680000,0x00000000dab78090,0x00000000dab80000)
  to   space 5120K, 0% used [0x00000000d8180000,0x00000000d8180000,0x00000000d8680000)
 ParOldGen       total 86016K, used 24619K [0x0000000082400000, 0x0000000087800000, 0x00000000d6180000)
  object space 86016K, 28% used [0x0000000082400000,0x0000000083c0adb0,0x0000000087800000)
 Metaspace       used 18631K, capacity 19284K, committed 19584K, reserved 1067008K
  class space    used 2449K, capacity 2653K, committed 2688K, reserved 1048576K
Event: 2.254 GC heap after
Heap after GC invocations=3 (full 0):
 PSYoungGen      total 37888K, used 5104K [0x00000000d6180000, 0x00000000dab80000, 0x0000000100000000)
  eden space 32768K, 0% used [0x00000000d6180000,0x00000000d6180000,0x00000000d8180000)
  from space 5120K, 99% used [0x00000000d8180000,0x00000000d867c0a0,0x00000000d8680000)
  to   space 5120K, 0% used [0x00000000da680000,0x00000000da680000,0x00000000dab80000)
 ParOldGen       total 86016K, used 50423K [0x0000000082400000, 0x0000000087800000, 0x00000000d6180000)
  object space 86016K, 58% used [0x0000000082400000,0x000000008553df70,0x0000000087800000)
 Metaspace       used 18631K, capacity 19284K, committed 19584K, reserved 1067008K
  class space    used 2449K, capacity 2653K, committed 2688K, reserved 1048576K
}
Event: 2.444 GC heap before
{Heap before GC invocations=4 (full 0):
 PSYoungGen      total 37888K, used 37178K [0x00000000d6180000, 0x00000000dab80000, 0x0000000100000000)
  eden space 32768K, 97% used [0x00000000d6180000,0x00000000d80d2840,0x00000000d8180000)
  from space 5120K, 99% used [0x00000000d8180000,0x00000000d867c0a0,0x00000000d8680000)
  to   space 5120K, 0% used [0x00000000da680000,0x00000000da680000,0x00000000dab80000)
 ParOldGen       total 86016K, used 50423K [0x0000000082400000, 0x0000000087800000, 0x00000000d6180000)
  object space 86016K, 58% used [0x0000000082400000,0x000000008553df70,0x0000000087800000)
 Metaspace       used 18733K, capacity 19360K, committed 19584K, reserved 1067008K
  class space    used 2450K, capacity 2655K, committed 2688K, reserved 1048576K
Event: 2.453 GC heap after
Heap after GC invocations=4 (full 0):
 PSYoungGen      total 70656K, used 5114K [0x00000000d6180000, 0x00000000dab80000, 0x0000000100000000)
  eden space 65536K, 0% used [0x00000000d6180000,0x00000000d6180000,0x00000000da180000)
  from space 5120K, 99% used [0x00000000da680000,0x00000000dab7ea60,0x00000000dab80000)
  to   space 5120K, 0% used [0x00000000da180000,0x00000000da180000,0x00000000da680000)
 ParOldGen       total 86016K, used 81243K [0x0000000082400000, 0x0000000087800000, 0x00000000d6180000)
  object space 86016K, 94% used [0x0000000082400000,0x0000000087356cb0,0x0000000087800000)
 Metaspace       used 18733K, capacity 19360K, committed 19584K, reserved 1067008K
  class space    used 2450K, capacity 2655K, committed 2688K, reserved 1048576K
}
Event: 2.453 GC heap before
{Heap before GC invocations=5 (full 1):
 PSYoungGen      total 70656K, used 5114K [0x00000000d6180000, 0x00000000dab80000, 0x0000000100000000)
  eden space 65536K, 0% used [0x00000000d6180000,0x00000000d6180000,0x00000000da180000)
  from space 5120K, 99% used [0x00000000da680000,0x00000000dab7ea60,0x00000000dab80000)
  to   space 5120K, 0% used [0x00000000da180000,0x00000000da180000,0x00000000da680000)
 ParOldGen       total 86016K, used 81243K [0x0000000082400000, 0x0000000087800000, 0x00000000d6180000)
  object space 86016K, 94% used [0x0000000082400000,0x0000000087356cb0,0x0000000087800000)
 Metaspace       used 18733K, capacity 19360K, committed 19584K, reserved 1067008K
  class space    used 2450K, capacity 2655K, committed 2688K, reserved 1048576K
Event: 2.472 GC heap after
Heap after GC invocations=5 (full 1):
 PSYoungGen      total 70656K, used 0K [0x00000000d6180000, 0x00000000dab80000, 0x0000000100000000)
  eden space 65536K, 0% used [0x00000000d6180000,0x00000000d6180000,0x00000000da180000)
  from space 5120K, 0% used [0x00000000da680000,0x00000000da680000,0x00000000dab80000)
  to   space 5120K, 0% used [0x00000000da180000,0x00000000da180000,0x00000000da680000)
 ParOldGen       total 86016K, used 61806K [0x0000000082400000, 0x0000000087800000, 0x00000000d6180000)
  object space 86016K, 71% used [0x0000000082400000,0x000000008605ba48,0x0000000087800000)
 Metaspace       used 18733K, capacity 19360K, committed 19584K, reserved 1067008K
  class space    used 2450K, capacity 2655K, committed 2688K, reserved 1048576K
}

