# JRE version: Java(TM) SE Runtime Environment (8.0_301-b09) (build 1.8.0_301-b09)
# Java VM: Java HotSpot(TM) 64-Bit Server VM (25.301-b09 mixed mode windows-amd64 compressed oops)
Heap:
 PSYoungGen      total 37888K, used 24564K [0x00000000d6180000, 0x00000000d8b80000, 0x0000000100000000)
  eden space 32768K, 74% used [0x00000000d6180000,0x00000000d797d188,0x00000000d8180000)
  from space 5120K, 0% used [0x00000000d8680000,0x00000000d8680000,0x00000000d8b80000)
  to   space 5120K, 0% used [0x00000000d8180000,0x00000000d8180000,0x00000000d8680000)
 ParOldGen       total 86016K, used 61796K [0x0000000082400000, 0x0000000087800000, 0x00000000d6180000)
  object space 86016K, 71% used [0x0000000082400000,0x00000000860591e8,0x0000000087800000)
 Metaspace       used 20784K, capacity 21776K, committed 21888K, reserved 1069056K
  class space    used 2892K, capacity 3149K, committed 3200K, reserved 1048576K
GC Heap History (10 events):
Event: 0.661 GC heap before
{Heap before GC invocations=1 (full 0):
 PSYoungGen      total 37888K, used 32768K [0x00000000d6180000, 0x00000000d8b80000, 0x0000000100000000)
  eden space 32768K, 100% used [0x00000000d6180000,0x00000000d8180000,0x00000000d8180000)
  from space 5120K, 0% used [0x00000000d8680000,0x00000000d8680000,0x00000000d8b80000)
  to   space 5120K, 0% used [0x00000000d8180000,0x00000000d8180000,0x00000000d8680000)
 ParOldGen       total 86016K, used 0K [0x0000000082400000, 0x0000000087800000, 0x00000000d6180000)
  object space 86016K, 0% used [0x0000000082400000,0x0000000082400000,0x0000000087800000)
 Metaspace       used 13981K, capacity 14474K, committed 14592K, reserved 1062912K
  class space    used 1868K, capacity 2032K, committed 2048K, reserved 1048576K
Event: 0.666 GC heap after
Heap after GC invocations=1 (full 0):
 PSYoungGen      total 37888K, used 4726K [0x00000000d6180000, 0x00000000d8b80000, 0x0000000100000000)
  eden space 32768K, 0% used [0x00000000d6180000,0x00000000d6180000,0x00000000d8180000)
  from space 5120K, 92% used [0x00000000d8180000,0x00000000d861dbf8,0x00000000d8680000)
  to   space 5120K, 0% used [0x00000000d8680000,0x00000000d8680000,0x00000000d8b80000)
 ParOldGen       total 86016K, used 4016K [0x0000000082400000, 0x0000000087800000, 0x00000000d6180000)
  object space 86016K, 4% used [0x0000000082400000,0x00000000827ec010,0x0000000087800000)
 Metaspace       used 13981K, capacity 14474K, committed 14592K, reserved 1062912K
  class space    used 1868K, capacity 2032K, committed 2048K, reserved 1048576K
}
Event: 2.424 GC heap before
{Heap before GC invocations=2 (full 0):
 PSYoungGen      total 37888K, used 34005K [0x00000000d6180000, 0x00000000d8b80000, 0x0000000100000000)
  eden space 32768K, 89% used [0x00000000d6180000,0x00000000d7e178c0,0x00000000d8180000)
  from space 5120K, 92% used [0x00000000d8180000,0x00000000d861dbf8,0x00000000d8680000)
  to   space 5120K, 0% used [0x00000000d8680000,0x00000000d8680000,0x00000000d8b80000)
 ParOldGen       total 86016K, used 4016K [0x0000000082400000, 0x0000000087800000, 0x00000000d6180000)
  object space 86016K, 4% used [0x0000000082400000,0x00000000827ec010,0x0000000087800000)
 Metaspace       used 18557K, capacity 19156K, committed 19328K, reserved 1067008K
  class space    used 2443K, capacity 2637K, committed 2688K, reserved 1048576K
Event: 2.433 GC heap after
Heap after GC invocations=2 (full 0):
 PSYoungGen      total 37888K, used 5088K [0x00000000d6180000, 0x00000000d8b80000, 0x0000000100000000)
  eden space 32768K, 0% used [0x00000000d6180000,0x00000000d6180000,0x00000000d8180000)
  from space 5120K, 99% used [0x00000000d8680000,0x00000000d8b78090,0x00000000d8b80000)
  to   space 5120K, 0% used [0x00000000d8180000,0x00000000d8180000,0x00000000d8680000)
 ParOldGen       total 86016K, used 24636K [0x0000000082400000, 0x0000000087800000, 0x00000000d6180000)
  object space 86016K, 28% used [0x0000000082400000,0x0000000083c0f020,0x0000000087800000)
 Metaspace       used 18557K, capacity 19156K, committed 19328K, reserved 1067008K
  class space    used 2443K, capacity 2637K, committed 2688K, reserved 1048576K
}
Event: 2.596 GC heap before
{Heap before GC invocations=3 (full 0):
 PSYoungGen      total 37888K, used 32083K [0x00000000d6180000, 0x00000000d8b80000, 0x0000000100000000)
  eden space 32768K, 82% used [0x00000000d6180000,0x00000000d7bdcbe0,0x00000000d8180000)
  from space 5120K, 99% used [0x00000000d8680000,0x00000000d8b78090,0x00000000d8b80000)
  to   space 5120K, 0% used [0x00000000d8180000,0x00000000d8180000,0x00000000d8680000)
 ParOldGen       total 86016K, used 24636K [0x0000000082400000, 0x0000000087800000, 0x00000000d6180000)
  object space 86016K, 28% used [0x0000000082400000,0x0000000083c0f020,0x0000000087800000)
 Metaspace       used 18659K, capacity 19320K, committed 19584K, reserved 1067008K
  class space    used 2447K, capacity 2643K, committed 2688K, reserved 1048576K
Event: 2.609 GC heap after
Heap after GC invocations=3 (full 0):
 PSYoungGen      total 37888K, used 5088K [0x00000000d6180000, 0x00000000d8b80000, 0x0000000100000000)
  eden space 32768K, 0% used [0x00000000d6180000,0x00000000d6180000,0x00000000d8180000)
  from space 5120K, 99% used [0x00000000d8180000,0x00000000d8678070,0x00000000d8680000)
  to   space 5120K, 0% used [0x00000000d8680000,0x00000000d8680000,0x00000000d8b80000)
 ParOldGen       total 86016K, used 50432K [0x0000000082400000, 0x0000000087800000, 0x00000000d6180000)
  object space 86016K, 58% used [0x0000000082400000,0x00000000855401e0,0x0000000087800000)
 Metaspace       used 18659K, capacity 19320K, committed 19584K, reserved 1067008K
  class space    used 2447K, capacity 2643K, committed 2688K, reserved 1048576K
}
Event: 2.787 GC heap before
{Heap before GC invocations=4 (full 0):
 PSYoungGen      total 37888K, used 37167K [0x00000000d6180000, 0x00000000d8b80000, 0x0000000100000000)
  eden space 32768K, 97% used [0x00000000d6180000,0x00000000d80d3e00,0x00000000d8180000)
  from space 5120K, 99% used [0x00000000d8180000,0x00000000d8678070,0x00000000d8680000)
  to   space 5120K, 0% used [0x00000000d8680000,0x00000000d8680000,0x00000000d8b80000)
 ParOldGen       total 86016K, used 50432K [0x0000000082400000, 0x0000000087800000, 0x00000000d6180000)
  object space 86016K, 58% used [0x0000000082400000,0x00000000855401e0,0x0000000087800000)
 Metaspace       used 18731K, capacity 19396K, committed 19584K, reserved 1067008K
  class space    used 2448K, capacity 2645K, committed 2688K, reserved 1048576K
Event: 2.795 GC heap after
Heap after GC invocations=4 (full 0):
 PSYoungGen      total 37888K, used 5109K [0x00000000d6180000, 0x00000000d8b80000, 0x0000000100000000)
  eden space 32768K, 0% used [0x00000000d6180000,0x00000000d6180000,0x00000000d8180000)
  from space 5120K, 99% used [0x00000000d8680000,0x00000000d8b7d500,0x00000000d8b80000)
  to   space 5120K, 0% used [0x00000000d8180000,0x00000000d8180000,0x00000000d8680000)
 ParOldGen       total 86016K, used 81297K [0x0000000082400000, 0x0000000087800000, 0x00000000d6180000)
  object space 86016K, 94% used [0x0000000082400000,0x0000000087364460,0x0000000087800000)
 Metaspace       used 18731K, capacity 19396K, committed 19584K, reserved 1067008K
  class space    used 2448K, capacity 2645K, committed 2688K, reserved 1048576K
}
Event: 2.795 GC heap before
{Heap before GC invocations=5 (full 1):
 PSYoungGen      total 37888K, used 5109K [0x00000000d6180000, 0x00000000d8b80000, 0x0000000100000000)
  eden space 32768K, 0% used [0x00000000d6180000,0x00000000d6180000,0x00000000d8180000)
  from space 5120K, 99% used [0x00000000d8680000,0x00000000d8b7d500,0x00000000d8b80000)
  to   space 5120K, 0% used [0x00000000d8180000,0x00000000d8180000,0x00000000d8680000)
 ParOldGen       total 86016K, used 81297K [0x0000000082400000, 0x0000000087800000, 0x00000000d6180000)
  object space 86016K, 94% used [0x0000000082400000,0x0000000087364460,0x0000000087800000)
 Metaspace       used 18731K, capacity 19396K, committed 19584K, reserved 1067008K
  class space    used 2448K, capacity 2645K, committed 2688K, reserved 1048576K
Event: 2.816 GC heap after
Heap after GC invocations=5 (full 1):
 PSYoungGen      total 37888K, used 0K [0x00000000d6180000, 0x00000000d8b80000, 0x0000000100000000)
  eden space 32768K, 0% used [0x00000000d6180000,0x00000000d6180000,0x00000000d8180000)
  from space 5120K, 0% used [0x00000000d8680000,0x00000000d8680000,0x00000000d8b80000)
  to   space 5120K, 0% used [0x00000000d8180000,0x00000000d8180000,0x00000000d8680000)
 ParOldGen       total 86016K, used 61796K [0x0000000082400000, 0x0000000087800000, 0x00000000d6180000)
  object space 86016K, 71% used [0x0000000082400000,0x00000000860591e8,0x0000000087800000)
 Metaspace       used 18731K, capacity 19396K, committed 19584K, reserved 1067008K
  class space    used 2448K, capacity 2645K, committed 2688K, reserved 1048576K
}

